<?xml version="1.0" encoding="UTF-8"?>
<!-- Generated by org.testng.reporters.JUnitXMLReporter -->
<testsuite hostname="CO-IT00444" ignored="0" name="excercise1" tests="16" failures="0" timestamp="06 dic 2017 20:44:53 GMT" time="71.984" errors="0">
  <testcase name="exercise_1_1" time="26.812" classname="com.training.automation.tests.TravelocityHomeTest"/>
  <testcase name="exersice_1_2_a" time="0.108" classname="com.training.automation.tests.TravelocityHomeTest"/>
  <testcase name="exersice_1_2_a" time="0.096" classname="com.training.automation.tests.TravelocityHomeTest"/>
  <testcase name="exersice_1_2_a" time="0.09" classname="com.training.automation.tests.TravelocityHomeTest"/>
  <testcase name="exersice_1_2_a" time="0.084" classname="com.training.automation.tests.TravelocityHomeTest"/>
  <testcase name="exersice_1_2_a" time="0.094" classname="com.training.automation.tests.TravelocityHomeTest"/>
  <testcase name="exersice_1_2_a" time="0.1" classname="com.training.automation.tests.TravelocityHomeTest"/>
  <testcase name="exersice_1_2_a" time="0.109" classname="com.training.automation.tests.TravelocityHomeTest"/>
  <testcase name="exersice_1_2_a" time="0.134" classname="com.training.automation.tests.TravelocityHomeTest"/>
  <testcase name="exersice_1_2_bcd" time="2.115" classname="com.training.automation.tests.TravelocityHomeTest"/>
  <testcase name="exercise_1_3" time="0.377" classname="com.training.automation.tests.TravelocityHomeTest"/>
  <testcase name="exersice_1_3_a" time="2.576" classname="com.training.automation.tests.TravelocityHomeTest"/>
  <testcase name="exersice_1_4" time="0.465" classname="com.training.automation.tests.TravelocityHomeTest"/>
  <testcase name="exersice_1_5" time="21.309" classname="com.training.automation.tests.TravelocityHomeTest"/>
  <testcase name="exercise_1_67" time="16.796" classname="com.training.automation.tests.TravelocityHomeTest"/>
  <testcase name="exersice_1_8" time="0.688" classname="com.training.automation.tests.TravelocityHomeTest"/>
</testsuite> <!-- excercise1 -->
