<?xml version="1.0" encoding="UTF-8" ?>
<testsuite tests="17" failures="1" name="TestSuite" time="4.747" errors="0" skipped="16">
  <properties>
[...]
</properties>
  <testcase classname="com.training.automation.tests.BaseTest" name="beforeSuite" time="0.263">
    <failure message="
Parameter &apos;browser&apos; is required by BeforeSuite on method beforeSuite but has not been marked @Optional or defined
" type="org.testng.TestNGException">org.testng.TestNGException: 
Parameter &apos;browser&apos; is required by BeforeSuite on method beforeSuite but has not been marked @Optional or defined

	at org.testng.internal.Parameters.createParameters(Parameters.java:199)
	at org.testng.internal.Parameters.createParameters(Parameters.java:443)
	at org.testng.internal.Parameters.createConfigurationParameters(Parameters.java:118)
	at org.testng.internal.Invoker.invokeConfigurations(Invoker.java:206)
	at org.testng.internal.Invoker.invokeConfigurations(Invoker.java:146)
	at org.testng.SuiteRunner.privateRun(SuiteRunner.java:326)
	at org.testng.SuiteRunner.run(SuiteRunner.java:289)
	at org.testng.SuiteRunnerWorker.runSuite(SuiteRunnerWorker.java:52)
	at org.testng.SuiteRunnerWorker.run(SuiteRunnerWorker.java:86)
	at org.testng.TestNG.runSuitesSequentially(TestNG.java:1301)
	at org.testng.TestNG.runSuitesLocally(TestNG.java:1226)
	at org.testng.TestNG.runSuites(TestNG.java:1144)
	at org.testng.TestNG.run(TestNG.java:1115)
	at org.apache.maven.surefire.testng.TestNGExecutor.run(TestNGExecutor.java:77)
	at org.apache.maven.surefire.testng.TestNGDirectoryTestSuite.executeMulti(TestNGDirectoryTestSuite.java:159)
	at org.apache.maven.surefire.testng.TestNGDirectoryTestSuite.execute(TestNGDirectoryTestSuite.java:99)
	at org.apache.maven.surefire.testng.TestNGProvider.invoke(TestNGProvider.java:106)
	at sun.reflect.NativeMethodAccessorImpl.invoke0(Native Method)
	at sun.reflect.NativeMethodAccessorImpl.invoke(NativeMethodAccessorImpl.java:62)
	at sun.reflect.DelegatingMethodAccessorImpl.invoke(DelegatingMethodAccessorImpl.java:43)
	at java.lang.reflect.Method.invoke(Method.java:498)
	at org.apache.maven.surefire.util.ReflectionUtils.invokeMethodWithArray(ReflectionUtils.java:189)
	at org.apache.maven.surefire.booter.ProviderFactory$ProviderProxy.invoke(ProviderFactory.java:165)
	at org.apache.maven.surefire.booter.ProviderFactory.invokeProvider(ProviderFactory.java:85)
	at org.apache.maven.surefire.booter.ForkedBooter.runSuitesInProcess(ForkedBooter.java:115)
	at org.apache.maven.surefire.booter.ForkedBooter.main(ForkedBooter.java:75)
</failure>
    <system-out>Configuring TestNG with: org.apache.maven.surefire.testng.conf.TestNG652Configurator@4d591d15
</system-out>
  </testcase>
  <testcase classname="com.training.automation.tests.TravelocityHomeTest" name="exercise_1_1" time="0.278">
    <skipped/>
  </testcase>
  <testcase classname="com.training.automation.tests.TravelocityHomeTest" name="exersice_1_2_a" time="0.279">
    <skipped/>
  </testcase>
  <testcase classname="com.training.automation.tests.TravelocityHomeTest" name="exersice_1_2_a" time="0.279">
    <skipped/>
  </testcase>
  <testcase classname="com.training.automation.tests.TravelocityHomeTest" name="exersice_1_2_a" time="0.279">
    <skipped/>
  </testcase>
  <testcase classname="com.training.automation.tests.TravelocityHomeTest" name="exersice_1_2_a" time="0.279">
    <skipped/>
  </testcase>
  <testcase classname="com.training.automation.tests.TravelocityHomeTest" name="exersice_1_2_a" time="0.279">
    <skipped/>
  </testcase>
  <testcase classname="com.training.automation.tests.TravelocityHomeTest" name="exersice_1_2_a" time="0.279">
    <skipped/>
  </testcase>
  <testcase classname="com.training.automation.tests.TravelocityHomeTest" name="exersice_1_2_a" time="0.28">
    <skipped/>
  </testcase>
  <testcase classname="com.training.automation.tests.TravelocityHomeTest" name="exersice_1_2_a" time="0.28">
    <skipped/>
  </testcase>
  <testcase classname="com.training.automation.tests.TravelocityHomeTest" name="exersice_1_2_bcd" time="0.28">
    <skipped/>
  </testcase>
  <testcase classname="com.training.automation.tests.TravelocityHomeTest" name="exercise_1_3" time="0.281">
    <skipped/>
  </testcase>
  <testcase classname="com.training.automation.tests.TravelocityHomeTest" name="exersice_1_3_a" time="0.281">
    <skipped/>
  </testcase>
  <testcase classname="com.training.automation.tests.TravelocityHomeTest" name="exersice_1_4" time="0.282">
    <skipped/>
  </testcase>
  <testcase classname="com.training.automation.tests.TravelocityHomeTest" name="exersice_1_5" time="0.282">
    <skipped/>
  </testcase>
  <testcase classname="com.training.automation.tests.TravelocityHomeTest" name="exercise_1_67" time="0.283">
    <skipped/>
  </testcase>
  <testcase classname="com.training.automation.tests.TravelocityHomeTest" name="exersice_1_8" time="0.283">
    <skipped/>
  </testcase>
</testsuite>